<?xml version="1.0" encoding="UTF-8"?>
<!-- Generated by org.testng.reporters.JUnitReportReporter -->
<testsuite skipped="0" hostname="DESKTOP-N67OIFL" name="buffaloerp.BugTest" tests="1" failures="0" timestamp="2022-02-08T13:44:50 IST" time="80.799" errors="0">
  <testcase name="createBug" time="80.799" classname="buffaloerp.BugTest"/>
  <system-out/>
</testsuite> <!-- buffaloerp.BugTest -->
