<?xml version="1.0" encoding="UTF-8"?>
<!-- Generated by org.testng.reporters.JUnitReportReporter -->
<testsuite skipped="0" hostname="DESKTOP-N67OIFL" name="buffaloerp.NewUserPageTest" tests="1" failures="0" timestamp="2022-02-08T13:44:50 IST" time="40.883" errors="0">
  <testcase name="createNewUser" time="40.883" classname="buffaloerp.NewUserPageTest"/>
  <system-out/>
</testsuite> <!-- buffaloerp.NewUserPageTest -->
